-------------------------------------------------------------------------------
Test set: com.example.paul.unit.TransactionRestControllerTest
-------------------------------------------------------------------------------
Tests run: 3, Failures: 0, Errors: 3, Skipped: 0, Time elapsed: 1.665 s <<< FAILURE! - in com.example.paul.unit.TransactionRestControllerTest
givenMissingInput_whenMakeTransfer_thenVerifyBadRequest  Time elapsed: 0.006 s  <<< ERROR!
java.lang.IllegalStateException: Failed to load ApplicationContext
Caused by: org.springframework.beans.factory.UnsatisfiedDependencyException: Error creating bean with name 'transactionRestController' defined in file [/Users/kamal/Downloads/Spring-boot-Banking-main/target/classes/com/example/paul/controllers/TransactionRestController.class]: Unsatisfied dependency expressed through constructor parameter 0; nested exception is org.springframework.beans.factory.NoSuchBeanDefinitionException: No qualifying bean of type 'com.example.paul.services.AccountService' available: expected at least 1 bean which qualifies as autowire candidate. Dependency annotations: {}
Caused by: org.springframework.beans.factory.NoSuchBeanDefinitionException: No qualifying bean of type 'com.example.paul.services.AccountService' available: expected at least 1 bean which qualifies as autowire candidate. Dependency annotations: {}

givenNoAccountForInput_whenMakeTransfer_thenVerifyOk  Time elapsed: 0 s  <<< ERROR!
java.lang.IllegalStateException: Failed to load ApplicationContext
Caused by: org.springframework.beans.factory.UnsatisfiedDependencyException: Error creating bean with name 'transactionRestController' defined in file [/Users/kamal/Downloads/Spring-boot-Banking-main/target/classes/com/example/paul/controllers/TransactionRestController.class]: Unsatisfied dependency expressed through constructor parameter 0; nested exception is org.springframework.beans.factory.NoSuchBeanDefinitionException: No qualifying bean of type 'com.example.paul.services.AccountService' available: expected at least 1 bean which qualifies as autowire candidate. Dependency annotations: {}
Caused by: org.springframework.beans.factory.NoSuchBeanDefinitionException: No qualifying bean of type 'com.example.paul.services.AccountService' available: expected at least 1 bean which qualifies as autowire candidate. Dependency annotations: {}

givenInvalidInput_whenMakeTransfer_thenVerifyBadRequest  Time elapsed: 0 s  <<< ERROR!
java.lang.IllegalStateException: Failed to load ApplicationContext
Caused by: org.springframework.beans.factory.UnsatisfiedDependencyException: Error creating bean with name 'transactionRestController' defined in file [/Users/kamal/Downloads/Spring-boot-Banking-main/target/classes/com/example/paul/controllers/TransactionRestController.class]: Unsatisfied dependency expressed through constructor parameter 0; nested exception is org.springframework.beans.factory.NoSuchBeanDefinitionException: No qualifying bean of type 'com.example.paul.services.AccountService' available: expected at least 1 bean which qualifies as autowire candidate. Dependency annotations: {}
Caused by: org.springframework.beans.factory.NoSuchBeanDefinitionException: No qualifying bean of type 'com.example.paul.services.AccountService' available: expected at least 1 bean which qualifies as autowire candidate. Dependency annotations: {}

