-------------------------------------------------------------------------------
Test set: com.example.paul.unit.AccountRestControllerTest
-------------------------------------------------------------------------------
Tests run: 4, Failures: 2, Errors: 0, Skipped: 0, Time elapsed: 0.701 s <<< FAILURE! - in com.example.paul.unit.AccountRestControllerTest
givenNoAccountForInput_whenCheckingBalance_thenVerifyNoContent  Time elapsed: 0.144 s  <<< FAILURE!
java.lang.AssertionError: Status expected:<204> but was:<200>
	at com.example.paul.unit.AccountRestControllerTest.givenNoAccountForInput_whenCheckingBalance_thenVerifyNoContent(AccountRestControllerTest.java:51)

givenAccountDetails_whenCheckingBalance_thenVerifyOk  Time elapsed: 0.006 s  <<< FAILURE!
java.lang.AssertionError: Status expected:<204> but was:<200>
	at com.example.paul.unit.AccountRestControllerTest.givenAccountDetails_whenCheckingBalance_thenVerifyOk(AccountRestControllerTest.java:62)

