<?xml version="1.0" encoding="UTF-8"?>
<testsuite xmlns:xsi="http://www.w3.org/2001/XMLSchema-instance" xsi:noNamespaceSchemaLocation="https://maven.apache.org/surefire/maven-surefire-plugin/xsd/surefire-test-report.xsd" name="com.example.paul.integration.CheckBalanceIntegrationTest" time="2.379" tests="1" errors="1" skipped="0" failures="0">
  <properties>
[...]
</properties>
  <testcase name="givenAccountDetails_whenCheckingBalance_thenVerifyAccountCorrect" classname="com.example.paul.integration.CheckBalanceIntegrationTest" time="0.11">
    <error message="class java.lang.String cannot be cast to class com.example.paul.models.Account (java.lang.String is in module java.base of loader &apos;bootstrap&apos;; com.example.paul.models.Account is in unnamed module of loader &apos;app&apos;)" type="java.lang.ClassCastException">java.lang.ClassCastException: class java.lang.String cannot be cast to class com.example.paul.models.Account (java.lang.String is in module java.base of loader 'bootstrap'; com.example.paul.models.Account is in unnamed module of loader 'app')
	at com.example.paul.integration.CheckBalanceIntegrationTest.givenAccountDetails_whenCheckingBalance_thenVerifyAccountCorrect(CheckBalanceIntegrationTest.java:31)
</error>
    <system-out><![CDATA[2024-09-30 16:59:13.456  INFO 14157 --- [           main] .b.t.c.SpringBootTestContextBootstrapper : Neither @ContextConfiguration nor @ContextHierarchy found for test class [com.example.paul.integration.CheckBalanceIntegrationTest], using SpringBootContextLoader
2024-09-30 16:59:13.457  INFO 14157 --- [           main] o.s.t.c.support.AbstractContextLoader    : Could not detect default resource locations for test class [com.example.paul.integration.CheckBalanceIntegrationTest]: no resource found for suffixes {-context.xml, Context.groovy}.
2024-09-30 16:59:13.457  INFO 14157 --- [           main] t.c.s.AnnotationConfigContextLoaderUtils : Could not detect default configuration classes for test class [com.example.paul.integration.CheckBalanceIntegrationTest]: CheckBalanceIntegrationTest does not declare any static, non-private, non-final, nested classes annotated with @Configuration.
2024-09-30 16:59:13.465  INFO 14157 --- [           main] .b.t.c.SpringBootTestContextBootstrapper : Found @SpringBootConfiguration com.example.paul.Application for test class com.example.paul.integration.CheckBalanceIntegrationTest
2024-09-30 16:59:13.467  INFO 14157 --- [           main] .b.t.c.SpringBootTestContextBootstrapper : Loaded default TestExecutionListener class names from location [META-INF/spring.factories]: [org.springframework.boot.test.mock.mockito.MockitoTestExecutionListener, org.springframework.boot.test.mock.mockito.ResetMocksTestExecutionListener, org.springframework.boot.test.autoconfigure.restdocs.RestDocsTestExecutionListener, org.springframework.boot.test.autoconfigure.web.client.MockRestServiceServerResetTestExecutionListener, org.springframework.boot.test.autoconfigure.web.servlet.MockMvcPrintOnlyOnFailureTestExecutionListener, org.springframework.boot.test.autoconfigure.web.servlet.WebDriverTestExecutionListener, org.springframework.boot.test.autoconfigure.webservices.client.MockWebServiceServerTestExecutionListener, org.springframework.test.context.web.ServletTestExecutionListener, org.springframework.test.context.support.DirtiesContextBeforeModesTestExecutionListener, org.springframework.test.context.event.ApplicationEventsTestExecutionListener, org.springframework.test.context.support.DependencyInjectionTestExecutionListener, org.springframework.test.context.support.DirtiesContextTestExecutionListener, org.springframework.test.context.transaction.TransactionalTestExecutionListener, org.springframework.test.context.jdbc.SqlScriptsTestExecutionListener, org.springframework.test.context.event.EventPublishingTestExecutionListener]
2024-09-30 16:59:13.468  INFO 14157 --- [           main] .b.t.c.SpringBootTestContextBootstrapper : Using TestExecutionListeners: [org.springframework.test.context.web.ServletTestExecutionListener@76e9eed8, org.springframework.test.context.support.DirtiesContextBeforeModesTestExecutionListener@30ef32eb, org.springframework.test.context.event.ApplicationEventsTestExecutionListener@474619d9, org.springframework.boot.test.mock.mockito.MockitoTestExecutionListener@bb5f9d, org.springframework.boot.test.autoconfigure.SpringBootDependencyInjectionTestExecutionListener@391dfe7c, org.springframework.test.context.support.DirtiesContextTestExecutionListener@702cfbde, org.springframework.test.context.transaction.TransactionalTestExecutionListener@7d3bcd3, org.springframework.test.context.jdbc.SqlScriptsTestExecutionListener@5dce5c03, org.springframework.test.context.event.EventPublishingTestExecutionListener@b76b7d8, org.springframework.boot.test.mock.mockito.ResetMocksTestExecutionListener@1c135f63, org.springframework.boot.test.autoconfigure.restdocs.RestDocsTestExecutionListener@63c4d16, org.springframework.boot.test.autoconfigure.web.client.MockRestServiceServerResetTestExecutionListener@29bd2796, org.springframework.boot.test.autoconfigure.web.servlet.MockMvcPrintOnlyOnFailureTestExecutionListener@174b8d0e, org.springframework.boot.test.autoconfigure.web.servlet.WebDriverTestExecutionListener@112530c3, org.springframework.boot.test.autoconfigure.webservices.client.MockWebServiceServerTestExecutionListener@75959b0c]

  .   ____          _            __ _ _
 /\\ / ___'_ __ _ _(_)_ __  __ _ \ \ \ \
( ( )\___ | '_ | '_| | '_ \/ _` | \ \ \ \
 \\/  ___)| |_)| | | | | || (_| |  ) ) ) )
  '  |____| .__|_| |_|_| |_\__, | / / / /
 =========|_|==============|___/=/_/_/_/
 :: Spring Boot ::                (v2.7.0)

2024-09-30 16:59:13.493  INFO 14157 --- [           main] c.e.p.i.CheckBalanceIntegrationTest      : Starting CheckBalanceIntegrationTest using Java 17.0.9 on kamals-MBP.lan with PID 14157 (started by kamal in /Users/kamal/Downloads/Spring-boot-Banking-main)
2024-09-30 16:59:13.493  INFO 14157 --- [           main] c.e.p.i.CheckBalanceIntegrationTest      : The following 1 profile is active: "local"
2024-09-30 16:59:13.495  WARN 14157 --- [           main] o.s.b.c.config.ConfigDataEnvironment     : Property 'spring.profiles' imported from location 'class path resource [application.yaml]' is invalid and should be replaced with 'spring.config.activate.on-profile' [origin: class path resource [application.yaml] - 6:13]
2024-09-30 16:59:13.678  INFO 14157 --- [           main] .s.d.r.c.RepositoryConfigurationDelegate : Bootstrapping Spring Data JPA repositories in DEFAULT mode.
2024-09-30 16:59:13.717  INFO 14157 --- [           main] .s.d.r.c.RepositoryConfigurationDelegate : Finished Spring Data repository scanning in 33 ms. Found 2 JPA repository interfaces.
2024-09-30 16:59:14.080  INFO 14157 --- [           main] o.s.b.w.embedded.tomcat.TomcatWebServer  : Tomcat initialized with port(s): 0 (http)
2024-09-30 16:59:14.090  INFO 14157 --- [           main] o.apache.catalina.core.StandardService   : Starting service [Tomcat]
2024-09-30 16:59:14.090  INFO 14157 --- [           main] org.apache.catalina.core.StandardEngine  : Starting Servlet engine: [Apache Tomcat/9.0.63]
2024-09-30 16:59:14.188  INFO 14157 --- [           main] o.a.c.c.C.[Tomcat].[localhost].[/]       : Initializing Spring embedded WebApplicationContext
2024-09-30 16:59:14.188  INFO 14157 --- [           main] w.s.c.ServletWebServerApplicationContext : Root WebApplicationContext: initialization completed in 693 ms
2024-09-30 16:59:14.227  INFO 14157 --- [           main] com.zaxxer.hikari.HikariDataSource       : HikariPool-1 - Starting...
2024-09-30 16:59:14.425  INFO 14157 --- [           main] com.zaxxer.hikari.HikariDataSource       : HikariPool-1 - Start completed.
2024-09-30 16:59:14.437  INFO 14157 --- [           main] o.s.b.a.h2.H2ConsoleAutoConfiguration    : H2 console available at '/h2-console'. Database available at 'jdbc:h2:mem:online_bank'
2024-09-30 16:59:14.611  INFO 14157 --- [           main] o.hibernate.jpa.internal.util.LogHelper  : HHH000204: Processing PersistenceUnitInfo [name: default]
2024-09-30 16:59:14.652  INFO 14157 --- [           main] org.hibernate.Version                    : HHH000412: Hibernate ORM core version 5.6.9.Final
2024-09-30 16:59:14.685  INFO 14157 --- [           main] o.hibernate.annotations.common.Version   : HCANN000001: Hibernate Commons Annotations {5.1.2.Final}
2024-09-30 16:59:14.791  INFO 14157 --- [           main] org.hibernate.dialect.Dialect            : HHH000400: Using dialect: org.hibernate.dialect.H2Dialect
2024-09-30 16:59:15.153  INFO 14157 --- [           main] o.h.e.t.j.p.i.JtaPlatformInitiator       : HHH000490: Using JtaPlatform implementation: [org.hibernate.engine.transaction.jta.platform.internal.NoJtaPlatform]
2024-09-30 16:59:15.160  INFO 14157 --- [           main] j.LocalContainerEntityManagerFactoryBean : Initialized JPA EntityManagerFactory for persistence unit 'default'
2024-09-30 16:59:15.475  WARN 14157 --- [           main] JpaBaseConfiguration$JpaWebConfiguration : spring.jpa.open-in-view is enabled by default. Therefore, database queries may be performed during view rendering. Explicitly configure spring.jpa.open-in-view to disable this warning
2024-09-30 16:59:15.723  INFO 14157 --- [           main] o.s.b.w.embedded.tomcat.TomcatWebServer  : Tomcat started on port(s): 55606 (http) with context path ''
2024-09-30 16:59:15.726  INFO 14157 --- [           main] c.e.p.i.CheckBalanceIntegrationTest      : Started CheckBalanceIntegrationTest in 2.256 seconds (JVM running for 5.385)
]]></system-out>
  </testcase>
</testsuite>