<?xml version="1.0" encoding="UTF-8"?>
<testsuite xmlns:xsi="http://www.w3.org/2001/XMLSchema-instance" xsi:noNamespaceSchemaLocation="https://maven.apache.org/surefire/maven-surefire-plugin/xsd/surefire-test-report.xsd" name="com.example.paul.integration.MakeTransferIntegrationTest" time="0.014" tests="1" errors="0" skipped="0" failures="1">
  <properties>
[...]
</properties>
  <testcase name="givenTransactionDetails_whenMakeTransaction_thenVerifyTransactionIsProcessed" classname="com.example.paul.integration.MakeTransferIntegrationTest" time="0.011">
    <failure message="&#10;Expecting value to be true but was false" type="org.opentest4j.AssertionFailedError">org.opentest4j.AssertionFailedError: 

Expecting value to be true but was false
	at com.example.paul.integration.MakeTransferIntegrationTest.givenTransactionDetails_whenMakeTransaction_thenVerifyTransactionIsProcessed(MakeTransferIntegrationTest.java:44)
</failure>
    <system-out><![CDATA[2024-09-30 16:59:15.840  INFO 14157 --- [           main] .b.t.c.SpringBootTestContextBootstrapper : Neither @ContextConfiguration nor @ContextHierarchy found for test class [com.example.paul.integration.MakeTransferIntegrationTest], using SpringBootContextLoader
2024-09-30 16:59:15.840  INFO 14157 --- [           main] o.s.t.c.support.AbstractContextLoader    : Could not detect default resource locations for test class [com.example.paul.integration.MakeTransferIntegrationTest]: no resource found for suffixes {-context.xml, Context.groovy}.
2024-09-30 16:59:15.841  INFO 14157 --- [           main] t.c.s.AnnotationConfigContextLoaderUtils : Could not detect default configuration classes for test class [com.example.paul.integration.MakeTransferIntegrationTest]: MakeTransferIntegrationTest does not declare any static, non-private, non-final, nested classes annotated with @Configuration.
2024-09-30 16:59:15.842  INFO 14157 --- [           main] .b.t.c.SpringBootTestContextBootstrapper : Found @SpringBootConfiguration com.example.paul.Application for test class com.example.paul.integration.MakeTransferIntegrationTest
2024-09-30 16:59:15.844  INFO 14157 --- [           main] .b.t.c.SpringBootTestContextBootstrapper : Loaded default TestExecutionListener class names from location [META-INF/spring.factories]: [org.springframework.boot.test.mock.mockito.MockitoTestExecutionListener, org.springframework.boot.test.mock.mockito.ResetMocksTestExecutionListener, org.springframework.boot.test.autoconfigure.restdocs.RestDocsTestExecutionListener, org.springframework.boot.test.autoconfigure.web.client.MockRestServiceServerResetTestExecutionListener, org.springframework.boot.test.autoconfigure.web.servlet.MockMvcPrintOnlyOnFailureTestExecutionListener, org.springframework.boot.test.autoconfigure.web.servlet.WebDriverTestExecutionListener, org.springframework.boot.test.autoconfigure.webservices.client.MockWebServiceServerTestExecutionListener, org.springframework.test.context.web.ServletTestExecutionListener, org.springframework.test.context.support.DirtiesContextBeforeModesTestExecutionListener, org.springframework.test.context.event.ApplicationEventsTestExecutionListener, org.springframework.test.context.support.DependencyInjectionTestExecutionListener, org.springframework.test.context.support.DirtiesContextTestExecutionListener, org.springframework.test.context.transaction.TransactionalTestExecutionListener, org.springframework.test.context.jdbc.SqlScriptsTestExecutionListener, org.springframework.test.context.event.EventPublishingTestExecutionListener]
2024-09-30 16:59:15.844  INFO 14157 --- [           main] .b.t.c.SpringBootTestContextBootstrapper : Using TestExecutionListeners: [org.springframework.test.context.web.ServletTestExecutionListener@fbc1de9, org.springframework.test.context.support.DirtiesContextBeforeModesTestExecutionListener@295e9aef, org.springframework.test.context.event.ApplicationEventsTestExecutionListener@3f1b4a14, org.springframework.boot.test.mock.mockito.MockitoTestExecutionListener@452e0a94, org.springframework.boot.test.autoconfigure.SpringBootDependencyInjectionTestExecutionListener@2a12048d, org.springframework.test.context.support.DirtiesContextTestExecutionListener@77c66ac2, org.springframework.test.context.transaction.TransactionalTestExecutionListener@12e8c5c4, org.springframework.test.context.jdbc.SqlScriptsTestExecutionListener@27a717a7, org.springframework.test.context.event.EventPublishingTestExecutionListener@1d2b49b2, org.springframework.boot.test.mock.mockito.ResetMocksTestExecutionListener@59ffb0af, org.springframework.boot.test.autoconfigure.restdocs.RestDocsTestExecutionListener@d6d88b1, org.springframework.boot.test.autoconfigure.web.client.MockRestServiceServerResetTestExecutionListener@1268ac94, org.springframework.boot.test.autoconfigure.web.servlet.MockMvcPrintOnlyOnFailureTestExecutionListener@55c901b2, org.springframework.boot.test.autoconfigure.web.servlet.WebDriverTestExecutionListener@7197b96c, org.springframework.boot.test.autoconfigure.webservices.client.MockWebServiceServerTestExecutionListener@105e9fef]
]]></system-out>
  </testcase>
</testsuite>